<?xml version="1.0" encoding="UTF-8"?>
<testng-results skipped="0" failed="0" ignored="0" total="1" passed="1">
  <reporter-output>
  </reporter-output>
  <suite name="Default suite" duration-ms="18090" started-at="2020-01-25T10:57:25 IST" finished-at="2020-01-25T10:57:43 IST">
    <groups>
    </groups>
    <test name="Default test" duration-ms="18090" started-at="2020-01-25T10:57:25 IST" finished-at="2020-01-25T10:57:43 IST">
      <class name="com.OHRMS.testcasescripts.LoginPageTest">
        <test-method status="PASS" signature="setup()[pri:0, instance:com.OHRMS.testcasescripts.LoginPageTest@12f41634]" name="setup" is-config="true" duration-ms="11810" started-at="2020-01-25T10:57:25 IST" finished-at="2020-01-25T10:57:37 IST">
          <reporter-output>
          </reporter-output>
        </test-method> <!-- setup -->
        <test-method status="PASS" signature="LoginTest()[pri:1, instance:com.OHRMS.testcasescripts.LoginPageTest@12f41634]" name="LoginTest" duration-ms="6217" started-at="2020-01-25T10:57:37 IST" finished-at="2020-01-25T10:57:43 IST">
          <reporter-output>
          </reporter-output>
        </test-method> <!-- LoginTest -->
        <test-method status="PASS" signature="teardown()[pri:0, instance:com.OHRMS.testcasescripts.LoginPageTest@12f41634]" name="teardown" is-config="true" duration-ms="0" started-at="2020-01-25T10:57:43 IST" finished-at="2020-01-25T10:57:43 IST">
          <reporter-output>
          </reporter-output>
        </test-method> <!-- teardown -->
      </class> <!-- com.OHRMS.testcasescripts.LoginPageTest -->
    </test> <!-- Default test -->
  </suite> <!-- Default suite -->
</testng-results>
